<?xml version="1.0" encoding="UTF-8"?>
<!-- Generated by org.testng.reporters.JUnitXMLReporter -->
<testsuite ignored="0" hostname="DESKTOP-G8PVACE" failures="0" tests="2" name="Default test" time="13.87" errors="0" timestamp="2021-11-03T15:47:52 IST">
  <testcase classname="com.elocalshops.reusablecomponents.BaseClass" name="@BeforeClass beforeClass" time="13.808">
    <failure type="org.openqa.selenium.WebDriverException" message="chrome not reachable
  (Session info: chrome=95.0.4638.69)
Build info: version: &amp;apos;3.141.59&amp;apos;, revision: &amp;apos;e82be7d358&amp;apos;, time: &amp;apos;2018-11-14T08:17:03&amp;apos;
System info: host: &amp;apos;DESKTOP-G8PVACE&amp;apos;, ip: &amp;apos;192.168.133.1&amp;apos;, os.name: &amp;apos;Windows 10&amp;apos;, os.arch: &amp;apos;amd64&amp;apos;, os.version: &amp;apos;10.0&amp;apos;, java.version: &amp;apos;17&amp;apos;
Driver info: driver.version: ChromeDriver
remote stacktrace: Backtrace:
	Ordinal0 [0x00C5BDE3+2473443]
	Ordinal0 [0x00BF6661+2057825]
	Ordinal0 [0x00B02300+1057536]
	Ordinal0 [0x00AF7344+1012548]
	Ordinal0 [0x00AEB500+963840]
	Ordinal0 [0x00B49DAF+1351087]
	Ordinal0 [0x00B4974A+1349450]
	Ordinal0 [0x00B455AB+1332651]
	Ordinal0 [0x00B22104+1188100]
	Ordinal0 [0x00B22F59+1191769]
	GetHandleVerifier [0x00DE2266+1549718]
	GetHandleVerifier [0x00E8D4A7+2250711]
	GetHandleVerifier [0x00CE718B+521403]
	GetHandleVerifier [0x00CE6229+517465]
	Ordinal0 [0x00BFB79D+2078621]
	Ordinal0 [0x00BFFB58+2095960]
	Ordinal0 [0x00BFFC92+2096274]
	Ordinal0 [0x00C09541+2135361]
	BaseThreadInitThunk [0x7632FA29+25]
	RtlGetAppContainerNamedObjectPath [0x77D67A9E+286]
	RtlGetAppContainerNamedObjectPath [0x77D67A6E+238]
">
      <![CDATA[org.openqa.selenium.WebDriverException: chrome not reachable
  (Session info: chrome=95.0.4638.69)
Build info: version: '3.141.59', revision: 'e82be7d358', time: '2018-11-14T08:17:03'
System info: host: 'DESKTOP-G8PVACE', ip: '192.168.133.1', os.name: 'Windows 10', os.arch: 'amd64', os.version: '10.0', java.version: '17'
Driver info: driver.version: ChromeDriver
remote stacktrace: Backtrace:
Ordinal0 [0x00C5BDE3+2473443]
Ordinal0 [0x00BF6661+2057825]
Ordinal0 [0x00B02300+1057536]
Ordinal0 [0x00AF7344+1012548]
Ordinal0 [0x00AEB500+963840]
Ordinal0 [0x00B49DAF+1351087]
Ordinal0 [0x00B4974A+1349450]
Ordinal0 [0x00B455AB+1332651]
Ordinal0 [0x00B22104+1188100]
Ordinal0 [0x00B22F59+1191769]
GetHandleVerifier [0x00DE2266+1549718]
GetHandleVerifier [0x00E8D4A7+2250711]
GetHandleVerifier [0x00CE718B+521403]
GetHandleVerifier [0x00CE6229+517465]
Ordinal0 [0x00BFB79D+2078621]
Ordinal0 [0x00BFFB58+2095960]
Ordinal0 [0x00BFFC92+2096274]
Ordinal0 [0x00C09541+2135361]
BaseThreadInitThunk [0x7632FA29+25]
RtlGetAppContainerNamedObjectPath [0x77D67A9E+286]
RtlGetAppContainerNamedObjectPath [0x77D67A6E+238]

at java.base/jdk.internal.reflect.NativeConstructorAccessorImpl.newInstance0(Native Method)
at java.base/jdk.internal.reflect.NativeConstructorAccessorImpl.newInstance(NativeConstructorAccessorImpl.java:77)
at java.base/jdk.internal.reflect.DelegatingConstructorAccessorImpl.newInstance(DelegatingConstructorAccessorImpl.java:45)
at java.base/java.lang.reflect.Constructor.newInstanceWithCaller(Constructor.java:499)
at java.base/java.lang.reflect.Constructor.newInstance(Constructor.java:480)
at org.openqa.selenium.remote.W3CHandshakeResponse.lambda$errorHandler$0(W3CHandshakeResponse.java:62)
at org.openqa.selenium.remote.HandshakeResponse.lambda$getResponseFunction$0(HandshakeResponse.java:30)
at org.openqa.selenium.remote.ProtocolHandshake.lambda$createSession$0(ProtocolHandshake.java:126)
at java.base/java.util.stream.ReferencePipeline$3$1.accept(ReferencePipeline.java:197)
at java.base/java.util.Spliterators$ArraySpliterator.tryAdvance(Spliterators.java:1002)
at java.base/java.util.stream.ReferencePipeline.forEachWithCancel(ReferencePipeline.java:129)
at java.base/java.util.stream.AbstractPipeline.copyIntoWithCancel(AbstractPipeline.java:527)
at java.base/java.util.stream.AbstractPipeline.copyInto(AbstractPipeline.java:513)
at java.base/java.util.stream.AbstractPipeline.wrapAndCopyInto(AbstractPipeline.java:499)
at java.base/java.util.stream.FindOps$FindOp.evaluateSequential(FindOps.java:150)
at java.base/java.util.stream.AbstractPipeline.evaluate(AbstractPipeline.java:234)
at java.base/java.util.stream.ReferencePipeline.findFirst(ReferencePipeline.java:647)
at org.openqa.selenium.remote.ProtocolHandshake.createSession(ProtocolHandshake.java:128)
at org.openqa.selenium.remote.ProtocolHandshake.createSession(ProtocolHandshake.java:74)
at org.openqa.selenium.remote.HttpCommandExecutor.execute(HttpCommandExecutor.java:136)
at org.openqa.selenium.remote.service.DriverCommandExecutor.execute(DriverCommandExecutor.java:83)
at org.openqa.selenium.remote.RemoteWebDriver.execute(RemoteWebDriver.java:552)
at org.openqa.selenium.remote.RemoteWebDriver.startSession(RemoteWebDriver.java:213)
at org.openqa.selenium.remote.RemoteWebDriver.<init>(RemoteWebDriver.java:131)
at org.openqa.selenium.chrome.ChromeDriver.<init>(ChromeDriver.java:181)
at org.openqa.selenium.chrome.ChromeDriver.<init>(ChromeDriver.java:168)
at org.openqa.selenium.chrome.ChromeDriver.<init>(ChromeDriver.java:123)
at com.elocalshops.reusablecomponents.WebDriverHelper.driverInitializer(WebDriverHelper.java:18)
at com.elocalshops.reusablecomponents.BaseClass.beforeClass(BaseClass.java:42)
at java.base/jdk.internal.reflect.NativeMethodAccessorImpl.invoke0(Native Method)
at java.base/jdk.internal.reflect.NativeMethodAccessorImpl.invoke(NativeMethodAccessorImpl.java:77)
at java.base/jdk.internal.reflect.DelegatingMethodAccessorImpl.invoke(DelegatingMethodAccessorImpl.java:43)
at java.base/java.lang.reflect.Method.invoke(Method.java:568)
at org.testng.internal.MethodInvocationHelper.invokeMethod(MethodInvocationHelper.java:133)
at org.testng.internal.MethodInvocationHelper.invokeMethodConsideringTimeout(MethodInvocationHelper.java:62)
at org.testng.internal.ConfigInvoker.invokeConfigurationMethod(ConfigInvoker.java:385)
at org.testng.internal.ConfigInvoker.invokeConfigurations(ConfigInvoker.java:321)
at org.testng.internal.TestMethodWorker.invokeBeforeClassMethods(TestMethodWorker.java:176)
at org.testng.internal.TestMethodWorker.run(TestMethodWorker.java:122)
at java.base/java.util.ArrayList.forEach(ArrayList.java:1511)
at org.testng.TestRunner.privateRun(TestRunner.java:794)
at org.testng.TestRunner.run(TestRunner.java:596)
at org.testng.SuiteRunner.runTest(SuiteRunner.java:377)
at org.testng.SuiteRunner.runSequentially(SuiteRunner.java:371)
at org.testng.SuiteRunner.privateRun(SuiteRunner.java:332)
at org.testng.SuiteRunner.run(SuiteRunner.java:276)
at org.testng.SuiteRunnerWorker.runSuite(SuiteRunnerWorker.java:53)
at org.testng.SuiteRunnerWorker.run(SuiteRunnerWorker.java:96)
at org.testng.TestNG.runSuitesSequentially(TestNG.java:1212)
at org.testng.TestNG.runSuitesLocally(TestNG.java:1134)
at org.testng.TestNG.runSuites(TestNG.java:1063)
at org.testng.TestNG.run(TestNG.java:1031)
at org.testng.remote.AbstractRemoteTestNG.run(AbstractRemoteTestNG.java:115)
at org.testng.remote.RemoteTestNG.initAndRun(RemoteTestNG.java:251)
at org.testng.remote.RemoteTestNG.main(RemoteTestNG.java:77)
]]>
    </failure>
  </testcase> <!-- @BeforeClass beforeClass -->
  <testcase classname="com.elocalshops.reusablecomponents.BaseClass" name="@BeforeMethod beforeMethod" time="-1.635934672667E9">
    <skipped/>
  </testcase> <!-- @BeforeMethod beforeMethod -->
  <testcase classname="com.elocalshops.reusablecomponents.BaseClass" name="@BeforeMethod beforeMethod" time="-1.635934672677E9">
    <skipped/>
  </testcase> <!-- @BeforeMethod beforeMethod -->
  <testcase classname="com.elocalshops.reusablecomponents.BaseClass" name="@AfterClass classTeardown" time="-1.635934672683E9">
    <skipped/>
  </testcase> <!-- @AfterClass classTeardown -->
  <testcase classname="com.elocalshops.runner.ElocalshopsApp" name="loginTest" time="0.0">
    <skipped/>
  </testcase> <!-- loginTest -->
  <testcase classname="com.elocalshops.runner.ElocalshopsApp" name="searchItemTest" time="0.0">
    <skipped/>
  </testcase> <!-- searchItemTest -->
</testsuite> <!-- Default test -->
