<?xml version="1.0" encoding="UTF-8"?>
<testng-results ignored="0" total="2" passed="0" failed="0" skipped="2">
  <reporter-output>
  </reporter-output>
  <suite started-at="2021-11-03T15:47:38 IST" name="Default suite" finished-at="2021-11-03T15:47:52 IST" duration-ms="13870">
    <groups>
    </groups>
    <test started-at="2021-11-03T15:47:38 IST" name="Default test" finished-at="2021-11-03T15:47:52 IST" duration-ms="13870">
      <class name="com.elocalshops.runner.ElocalshopsApp">
        <test-method is-config="true" signature="startup()[pri:0, instance:com.elocalshops.runner.ElocalshopsApp@fba92d3]" started-at="2021-11-03T15:47:38 IST" name="startup" finished-at="2021-11-03T15:47:38 IST" duration-ms="555" status="PASS">
          <reporter-output>
          </reporter-output>
        </test-method> <!-- startup -->
        <test-method is-config="true" signature="beforeClass()[pri:0, instance:com.elocalshops.runner.ElocalshopsApp@fba92d3]" started-at="2021-11-03T15:47:38 IST" name="beforeClass" finished-at="2021-11-03T15:47:52 IST" duration-ms="13808" status="FAIL">
          <exception class="org.openqa.selenium.WebDriverException">
            <message>
              <![CDATA[chrome not reachable
  (Session info: chrome=95.0.4638.69)
Build info: version: '3.141.59', revision: 'e82be7d358', time: '2018-11-14T08:17:03'
System info: host: 'DESKTOP-G8PVACE', ip: '192.168.133.1', os.name: 'Windows 10', os.arch: 'amd64', os.version: '10.0', java.version: '17'
Driver info: driver.version: ChromeDriver
remote stacktrace: Backtrace:
Ordinal0 [0x00C5BDE3+2473443]
Ordinal0 [0x00BF6661+2057825]
Ordinal0 [0x00B02300+1057536]
Ordinal0 [0x00AF7344+1012548]
Ordinal0 [0x00AEB500+963840]
Ordinal0 [0x00B49DAF+1351087]
Ordinal0 [0x00B4974A+1349450]
Ordinal0 [0x00B455AB+1332651]
Ordinal0 [0x00B22104+1188100]
Ordinal0 [0x00B22F59+1191769]
GetHandleVerifier [0x00DE2266+1549718]
GetHandleVerifier [0x00E8D4A7+2250711]
GetHandleVerifier [0x00CE718B+521403]
GetHandleVerifier [0x00CE6229+517465]
Ordinal0 [0x00BFB79D+2078621]
Ordinal0 [0x00BFFB58+2095960]
Ordinal0 [0x00BFFC92+2096274]
Ordinal0 [0x00C09541+2135361]
BaseThreadInitThunk [0x7632FA29+25]
RtlGetAppContainerNamedObjectPath [0x77D67A9E+286]
RtlGetAppContainerNamedObjectPath [0x77D67A6E+238]
]]>
            </message>
            <full-stacktrace>
              <![CDATA[org.openqa.selenium.WebDriverException: chrome not reachable
  (Session info: chrome=95.0.4638.69)
Build info: version: '3.141.59', revision: 'e82be7d358', time: '2018-11-14T08:17:03'
System info: host: 'DESKTOP-G8PVACE', ip: '192.168.133.1', os.name: 'Windows 10', os.arch: 'amd64', os.version: '10.0', java.version: '17'
Driver info: driver.version: ChromeDriver
remote stacktrace: Backtrace:
Ordinal0 [0x00C5BDE3+2473443]
Ordinal0 [0x00BF6661+2057825]
Ordinal0 [0x00B02300+1057536]
Ordinal0 [0x00AF7344+1012548]
Ordinal0 [0x00AEB500+963840]
Ordinal0 [0x00B49DAF+1351087]
Ordinal0 [0x00B4974A+1349450]
Ordinal0 [0x00B455AB+1332651]
Ordinal0 [0x00B22104+1188100]
Ordinal0 [0x00B22F59+1191769]
GetHandleVerifier [0x00DE2266+1549718]
GetHandleVerifier [0x00E8D4A7+2250711]
GetHandleVerifier [0x00CE718B+521403]
GetHandleVerifier [0x00CE6229+517465]
Ordinal0 [0x00BFB79D+2078621]
Ordinal0 [0x00BFFB58+2095960]
Ordinal0 [0x00BFFC92+2096274]
Ordinal0 [0x00C09541+2135361]
BaseThreadInitThunk [0x7632FA29+25]
RtlGetAppContainerNamedObjectPath [0x77D67A9E+286]
RtlGetAppContainerNamedObjectPath [0x77D67A6E+238]

at java.base/jdk.internal.reflect.NativeConstructorAccessorImpl.newInstance0(Native Method)
at java.base/jdk.internal.reflect.NativeConstructorAccessorImpl.newInstance(NativeConstructorAccessorImpl.java:77)
at java.base/jdk.internal.reflect.DelegatingConstructorAccessorImpl.newInstance(DelegatingConstructorAccessorImpl.java:45)
at java.base/java.lang.reflect.Constructor.newInstanceWithCaller(Constructor.java:499)
at java.base/java.lang.reflect.Constructor.newInstance(Constructor.java:480)
at org.openqa.selenium.remote.W3CHandshakeResponse.lambda$errorHandler$0(W3CHandshakeResponse.java:62)
at org.openqa.selenium.remote.HandshakeResponse.lambda$getResponseFunction$0(HandshakeResponse.java:30)
at org.openqa.selenium.remote.ProtocolHandshake.lambda$createSession$0(ProtocolHandshake.java:126)
at java.base/java.util.stream.ReferencePipeline$3$1.accept(ReferencePipeline.java:197)
at java.base/java.util.Spliterators$ArraySpliterator.tryAdvance(Spliterators.java:1002)
at java.base/java.util.stream.ReferencePipeline.forEachWithCancel(ReferencePipeline.java:129)
at java.base/java.util.stream.AbstractPipeline.copyIntoWithCancel(AbstractPipeline.java:527)
at java.base/java.util.stream.AbstractPipeline.copyInto(AbstractPipeline.java:513)
at java.base/java.util.stream.AbstractPipeline.wrapAndCopyInto(AbstractPipeline.java:499)
at java.base/java.util.stream.FindOps$FindOp.evaluateSequential(FindOps.java:150)
at java.base/java.util.stream.AbstractPipeline.evaluate(AbstractPipeline.java:234)
at java.base/java.util.stream.ReferencePipeline.findFirst(ReferencePipeline.java:647)
at org.openqa.selenium.remote.ProtocolHandshake.createSession(ProtocolHandshake.java:128)
at org.openqa.selenium.remote.ProtocolHandshake.createSession(ProtocolHandshake.java:74)
at org.openqa.selenium.remote.HttpCommandExecutor.execute(HttpCommandExecutor.java:136)
at org.openqa.selenium.remote.service.DriverCommandExecutor.execute(DriverCommandExecutor.java:83)
at org.openqa.selenium.remote.RemoteWebDriver.execute(RemoteWebDriver.java:552)
at org.openqa.selenium.remote.RemoteWebDriver.startSession(RemoteWebDriver.java:213)
at org.openqa.selenium.remote.RemoteWebDriver.<init>(RemoteWebDriver.java:131)
at org.openqa.selenium.chrome.ChromeDriver.<init>(ChromeDriver.java:181)
at org.openqa.selenium.chrome.ChromeDriver.<init>(ChromeDriver.java:168)
at org.openqa.selenium.chrome.ChromeDriver.<init>(ChromeDriver.java:123)
at com.elocalshops.reusablecomponents.WebDriverHelper.driverInitializer(WebDriverHelper.java:18)
at com.elocalshops.reusablecomponents.BaseClass.beforeClass(BaseClass.java:42)
at java.base/jdk.internal.reflect.NativeMethodAccessorImpl.invoke0(Native Method)
at java.base/jdk.internal.reflect.NativeMethodAccessorImpl.invoke(NativeMethodAccessorImpl.java:77)
at java.base/jdk.internal.reflect.DelegatingMethodAccessorImpl.invoke(DelegatingMethodAccessorImpl.java:43)
at java.base/java.lang.reflect.Method.invoke(Method.java:568)
at org.testng.internal.MethodInvocationHelper.invokeMethod(MethodInvocationHelper.java:133)
at org.testng.internal.MethodInvocationHelper.invokeMethodConsideringTimeout(MethodInvocationHelper.java:62)
at org.testng.internal.ConfigInvoker.invokeConfigurationMethod(ConfigInvoker.java:385)
at org.testng.internal.ConfigInvoker.invokeConfigurations(ConfigInvoker.java:321)
at org.testng.internal.TestMethodWorker.invokeBeforeClassMethods(TestMethodWorker.java:176)
at org.testng.internal.TestMethodWorker.run(TestMethodWorker.java:122)
at java.base/java.util.ArrayList.forEach(ArrayList.java:1511)
at org.testng.TestRunner.privateRun(TestRunner.java:794)
at org.testng.TestRunner.run(TestRunner.java:596)
at org.testng.SuiteRunner.runTest(SuiteRunner.java:377)
at org.testng.SuiteRunner.runSequentially(SuiteRunner.java:371)
at org.testng.SuiteRunner.privateRun(SuiteRunner.java:332)
at org.testng.SuiteRunner.run(SuiteRunner.java:276)
at org.testng.SuiteRunnerWorker.runSuite(SuiteRunnerWorker.java:53)
at org.testng.SuiteRunnerWorker.run(SuiteRunnerWorker.java:96)
at org.testng.TestNG.runSuitesSequentially(TestNG.java:1212)
at org.testng.TestNG.runSuitesLocally(TestNG.java:1134)
at org.testng.TestNG.runSuites(TestNG.java:1063)
at org.testng.TestNG.run(TestNG.java:1031)
at org.testng.remote.AbstractRemoteTestNG.run(AbstractRemoteTestNG.java:115)
at org.testng.remote.RemoteTestNG.initAndRun(RemoteTestNG.java:251)
at org.testng.remote.RemoteTestNG.main(RemoteTestNG.java:77)
]]>
            </full-stacktrace>
          </exception> <!-- org.openqa.selenium.WebDriverException -->
          <reporter-output>
          </reporter-output>
        </test-method> <!-- beforeClass -->
        <test-method is-config="true" signature="beforeMethod()[pri:0, instance:com.elocalshops.runner.ElocalshopsApp@fba92d3]" started-at="2021-11-03T15:47:52 IST" name="beforeMethod" finished-at="1970-01-01T05:30:00 IST" duration-ms="-1635934672667" status="SKIP">
          <reporter-output>
          </reporter-output>
        </test-method> <!-- beforeMethod -->
        <test-method signature="loginTest()[pri:1, instance:com.elocalshops.runner.ElocalshopsApp@fba92d3]" started-at="2021-11-03T15:47:52 IST" name="loginTest" finished-at="2021-11-03T15:47:52 IST" duration-ms="0" status="SKIP">
          <exception class="org.openqa.selenium.WebDriverException">
            <message>
              <![CDATA[chrome not reachable
  (Session info: chrome=95.0.4638.69)
Build info: version: '3.141.59', revision: 'e82be7d358', time: '2018-11-14T08:17:03'
System info: host: 'DESKTOP-G8PVACE', ip: '192.168.133.1', os.name: 'Windows 10', os.arch: 'amd64', os.version: '10.0', java.version: '17'
Driver info: driver.version: ChromeDriver
remote stacktrace: Backtrace:
Ordinal0 [0x00C5BDE3+2473443]
Ordinal0 [0x00BF6661+2057825]
Ordinal0 [0x00B02300+1057536]
Ordinal0 [0x00AF7344+1012548]
Ordinal0 [0x00AEB500+963840]
Ordinal0 [0x00B49DAF+1351087]
Ordinal0 [0x00B4974A+1349450]
Ordinal0 [0x00B455AB+1332651]
Ordinal0 [0x00B22104+1188100]
Ordinal0 [0x00B22F59+1191769]
GetHandleVerifier [0x00DE2266+1549718]
GetHandleVerifier [0x00E8D4A7+2250711]
GetHandleVerifier [0x00CE718B+521403]
GetHandleVerifier [0x00CE6229+517465]
Ordinal0 [0x00BFB79D+2078621]
Ordinal0 [0x00BFFB58+2095960]
Ordinal0 [0x00BFFC92+2096274]
Ordinal0 [0x00C09541+2135361]
BaseThreadInitThunk [0x7632FA29+25]
RtlGetAppContainerNamedObjectPath [0x77D67A9E+286]
RtlGetAppContainerNamedObjectPath [0x77D67A6E+238]
]]>
            </message>
            <full-stacktrace>
              <![CDATA[org.openqa.selenium.WebDriverException: chrome not reachable
  (Session info: chrome=95.0.4638.69)
Build info: version: '3.141.59', revision: 'e82be7d358', time: '2018-11-14T08:17:03'
System info: host: 'DESKTOP-G8PVACE', ip: '192.168.133.1', os.name: 'Windows 10', os.arch: 'amd64', os.version: '10.0', java.version: '17'
Driver info: driver.version: ChromeDriver
remote stacktrace: Backtrace:
Ordinal0 [0x00C5BDE3+2473443]
Ordinal0 [0x00BF6661+2057825]
Ordinal0 [0x00B02300+1057536]
Ordinal0 [0x00AF7344+1012548]
Ordinal0 [0x00AEB500+963840]
Ordinal0 [0x00B49DAF+1351087]
Ordinal0 [0x00B4974A+1349450]
Ordinal0 [0x00B455AB+1332651]
Ordinal0 [0x00B22104+1188100]
Ordinal0 [0x00B22F59+1191769]
GetHandleVerifier [0x00DE2266+1549718]
GetHandleVerifier [0x00E8D4A7+2250711]
GetHandleVerifier [0x00CE718B+521403]
GetHandleVerifier [0x00CE6229+517465]
Ordinal0 [0x00BFB79D+2078621]
Ordinal0 [0x00BFFB58+2095960]
Ordinal0 [0x00BFFC92+2096274]
Ordinal0 [0x00C09541+2135361]
BaseThreadInitThunk [0x7632FA29+25]
RtlGetAppContainerNamedObjectPath [0x77D67A9E+286]
RtlGetAppContainerNamedObjectPath [0x77D67A6E+238]

at java.base/jdk.internal.reflect.NativeConstructorAccessorImpl.newInstance0(Native Method)
at java.base/jdk.internal.reflect.NativeConstructorAccessorImpl.newInstance(NativeConstructorAccessorImpl.java:77)
at java.base/jdk.internal.reflect.DelegatingConstructorAccessorImpl.newInstance(DelegatingConstructorAccessorImpl.java:45)
at java.base/java.lang.reflect.Constructor.newInstanceWithCaller(Constructor.java:499)
at java.base/java.lang.reflect.Constructor.newInstance(Constructor.java:480)
at org.openqa.selenium.remote.W3CHandshakeResponse.lambda$errorHandler$0(W3CHandshakeResponse.java:62)
at org.openqa.selenium.remote.HandshakeResponse.lambda$getResponseFunction$0(HandshakeResponse.java:30)
at org.openqa.selenium.remote.ProtocolHandshake.lambda$createSession$0(ProtocolHandshake.java:126)
at java.base/java.util.stream.ReferencePipeline$3$1.accept(ReferencePipeline.java:197)
at java.base/java.util.Spliterators$ArraySpliterator.tryAdvance(Spliterators.java:1002)
at java.base/java.util.stream.ReferencePipeline.forEachWithCancel(ReferencePipeline.java:129)
at java.base/java.util.stream.AbstractPipeline.copyIntoWithCancel(AbstractPipeline.java:527)
at java.base/java.util.stream.AbstractPipeline.copyInto(AbstractPipeline.java:513)
at java.base/java.util.stream.AbstractPipeline.wrapAndCopyInto(AbstractPipeline.java:499)
at java.base/java.util.stream.FindOps$FindOp.evaluateSequential(FindOps.java:150)
at java.base/java.util.stream.AbstractPipeline.evaluate(AbstractPipeline.java:234)
at java.base/java.util.stream.ReferencePipeline.findFirst(ReferencePipeline.java:647)
at org.openqa.selenium.remote.ProtocolHandshake.createSession(ProtocolHandshake.java:128)
at org.openqa.selenium.remote.ProtocolHandshake.createSession(ProtocolHandshake.java:74)
at org.openqa.selenium.remote.HttpCommandExecutor.execute(HttpCommandExecutor.java:136)
at org.openqa.selenium.remote.service.DriverCommandExecutor.execute(DriverCommandExecutor.java:83)
at org.openqa.selenium.remote.RemoteWebDriver.execute(RemoteWebDriver.java:552)
at org.openqa.selenium.remote.RemoteWebDriver.startSession(RemoteWebDriver.java:213)
at org.openqa.selenium.remote.RemoteWebDriver.<init>(RemoteWebDriver.java:131)
at org.openqa.selenium.chrome.ChromeDriver.<init>(ChromeDriver.java:181)
at org.openqa.selenium.chrome.ChromeDriver.<init>(ChromeDriver.java:168)
at org.openqa.selenium.chrome.ChromeDriver.<init>(ChromeDriver.java:123)
at com.elocalshops.reusablecomponents.WebDriverHelper.driverInitializer(WebDriverHelper.java:18)
at com.elocalshops.reusablecomponents.BaseClass.beforeClass(BaseClass.java:42)
at java.base/jdk.internal.reflect.NativeMethodAccessorImpl.invoke0(Native Method)
at java.base/jdk.internal.reflect.NativeMethodAccessorImpl.invoke(NativeMethodAccessorImpl.java:77)
at java.base/jdk.internal.reflect.DelegatingMethodAccessorImpl.invoke(DelegatingMethodAccessorImpl.java:43)
at java.base/java.lang.reflect.Method.invoke(Method.java:568)
at org.testng.internal.MethodInvocationHelper.invokeMethod(MethodInvocationHelper.java:133)
at org.testng.internal.MethodInvocationHelper.invokeMethodConsideringTimeout(MethodInvocationHelper.java:62)
at org.testng.internal.ConfigInvoker.invokeConfigurationMethod(ConfigInvoker.java:385)
at org.testng.internal.ConfigInvoker.invokeConfigurations(ConfigInvoker.java:321)
at org.testng.internal.TestMethodWorker.invokeBeforeClassMethods(TestMethodWorker.java:176)
at org.testng.internal.TestMethodWorker.run(TestMethodWorker.java:122)
at java.base/java.util.ArrayList.forEach(ArrayList.java:1511)
at org.testng.TestRunner.privateRun(TestRunner.java:794)
at org.testng.TestRunner.run(TestRunner.java:596)
at org.testng.SuiteRunner.runTest(SuiteRunner.java:377)
at org.testng.SuiteRunner.runSequentially(SuiteRunner.java:371)
at org.testng.SuiteRunner.privateRun(SuiteRunner.java:332)
at org.testng.SuiteRunner.run(SuiteRunner.java:276)
at org.testng.SuiteRunnerWorker.runSuite(SuiteRunnerWorker.java:53)
at org.testng.SuiteRunnerWorker.run(SuiteRunnerWorker.java:96)
at org.testng.TestNG.runSuitesSequentially(TestNG.java:1212)
at org.testng.TestNG.runSuitesLocally(TestNG.java:1134)
at org.testng.TestNG.runSuites(TestNG.java:1063)
at org.testng.TestNG.run(TestNG.java:1031)
at org.testng.remote.AbstractRemoteTestNG.run(AbstractRemoteTestNG.java:115)
at org.testng.remote.RemoteTestNG.initAndRun(RemoteTestNG.java:251)
at org.testng.remote.RemoteTestNG.main(RemoteTestNG.java:77)
]]>
            </full-stacktrace>
          </exception> <!-- org.openqa.selenium.WebDriverException -->
          <reporter-output>
          </reporter-output>
        </test-method> <!-- loginTest -->
        <test-method is-config="true" signature="beforeMethod()[pri:0, instance:com.elocalshops.runner.ElocalshopsApp@fba92d3]" started-at="2021-11-03T15:47:52 IST" name="beforeMethod" finished-at="1970-01-01T05:30:00 IST" duration-ms="-1635934672677" status="SKIP">
          <reporter-output>
          </reporter-output>
        </test-method> <!-- beforeMethod -->
        <test-method signature="searchItemTest()[pri:2, instance:com.elocalshops.runner.ElocalshopsApp@fba92d3]" started-at="2021-11-03T15:47:52 IST" name="searchItemTest" finished-at="2021-11-03T15:47:52 IST" duration-ms="0" status="SKIP">
          <exception class="org.openqa.selenium.WebDriverException">
            <message>
              <![CDATA[chrome not reachable
  (Session info: chrome=95.0.4638.69)
Build info: version: '3.141.59', revision: 'e82be7d358', time: '2018-11-14T08:17:03'
System info: host: 'DESKTOP-G8PVACE', ip: '192.168.133.1', os.name: 'Windows 10', os.arch: 'amd64', os.version: '10.0', java.version: '17'
Driver info: driver.version: ChromeDriver
remote stacktrace: Backtrace:
Ordinal0 [0x00C5BDE3+2473443]
Ordinal0 [0x00BF6661+2057825]
Ordinal0 [0x00B02300+1057536]
Ordinal0 [0x00AF7344+1012548]
Ordinal0 [0x00AEB500+963840]
Ordinal0 [0x00B49DAF+1351087]
Ordinal0 [0x00B4974A+1349450]
Ordinal0 [0x00B455AB+1332651]
Ordinal0 [0x00B22104+1188100]
Ordinal0 [0x00B22F59+1191769]
GetHandleVerifier [0x00DE2266+1549718]
GetHandleVerifier [0x00E8D4A7+2250711]
GetHandleVerifier [0x00CE718B+521403]
GetHandleVerifier [0x00CE6229+517465]
Ordinal0 [0x00BFB79D+2078621]
Ordinal0 [0x00BFFB58+2095960]
Ordinal0 [0x00BFFC92+2096274]
Ordinal0 [0x00C09541+2135361]
BaseThreadInitThunk [0x7632FA29+25]
RtlGetAppContainerNamedObjectPath [0x77D67A9E+286]
RtlGetAppContainerNamedObjectPath [0x77D67A6E+238]
]]>
            </message>
            <full-stacktrace>
              <![CDATA[org.openqa.selenium.WebDriverException: chrome not reachable
  (Session info: chrome=95.0.4638.69)
Build info: version: '3.141.59', revision: 'e82be7d358', time: '2018-11-14T08:17:03'
System info: host: 'DESKTOP-G8PVACE', ip: '192.168.133.1', os.name: 'Windows 10', os.arch: 'amd64', os.version: '10.0', java.version: '17'
Driver info: driver.version: ChromeDriver
remote stacktrace: Backtrace:
Ordinal0 [0x00C5BDE3+2473443]
Ordinal0 [0x00BF6661+2057825]
Ordinal0 [0x00B02300+1057536]
Ordinal0 [0x00AF7344+1012548]
Ordinal0 [0x00AEB500+963840]
Ordinal0 [0x00B49DAF+1351087]
Ordinal0 [0x00B4974A+1349450]
Ordinal0 [0x00B455AB+1332651]
Ordinal0 [0x00B22104+1188100]
Ordinal0 [0x00B22F59+1191769]
GetHandleVerifier [0x00DE2266+1549718]
GetHandleVerifier [0x00E8D4A7+2250711]
GetHandleVerifier [0x00CE718B+521403]
GetHandleVerifier [0x00CE6229+517465]
Ordinal0 [0x00BFB79D+2078621]
Ordinal0 [0x00BFFB58+2095960]
Ordinal0 [0x00BFFC92+2096274]
Ordinal0 [0x00C09541+2135361]
BaseThreadInitThunk [0x7632FA29+25]
RtlGetAppContainerNamedObjectPath [0x77D67A9E+286]
RtlGetAppContainerNamedObjectPath [0x77D67A6E+238]

at java.base/jdk.internal.reflect.NativeConstructorAccessorImpl.newInstance0(Native Method)
at java.base/jdk.internal.reflect.NativeConstructorAccessorImpl.newInstance(NativeConstructorAccessorImpl.java:77)
at java.base/jdk.internal.reflect.DelegatingConstructorAccessorImpl.newInstance(DelegatingConstructorAccessorImpl.java:45)
at java.base/java.lang.reflect.Constructor.newInstanceWithCaller(Constructor.java:499)
at java.base/java.lang.reflect.Constructor.newInstance(Constructor.java:480)
at org.openqa.selenium.remote.W3CHandshakeResponse.lambda$errorHandler$0(W3CHandshakeResponse.java:62)
at org.openqa.selenium.remote.HandshakeResponse.lambda$getResponseFunction$0(HandshakeResponse.java:30)
at org.openqa.selenium.remote.ProtocolHandshake.lambda$createSession$0(ProtocolHandshake.java:126)
at java.base/java.util.stream.ReferencePipeline$3$1.accept(ReferencePipeline.java:197)
at java.base/java.util.Spliterators$ArraySpliterator.tryAdvance(Spliterators.java:1002)
at java.base/java.util.stream.ReferencePipeline.forEachWithCancel(ReferencePipeline.java:129)
at java.base/java.util.stream.AbstractPipeline.copyIntoWithCancel(AbstractPipeline.java:527)
at java.base/java.util.stream.AbstractPipeline.copyInto(AbstractPipeline.java:513)
at java.base/java.util.stream.AbstractPipeline.wrapAndCopyInto(AbstractPipeline.java:499)
at java.base/java.util.stream.FindOps$FindOp.evaluateSequential(FindOps.java:150)
at java.base/java.util.stream.AbstractPipeline.evaluate(AbstractPipeline.java:234)
at java.base/java.util.stream.ReferencePipeline.findFirst(ReferencePipeline.java:647)
at org.openqa.selenium.remote.ProtocolHandshake.createSession(ProtocolHandshake.java:128)
at org.openqa.selenium.remote.ProtocolHandshake.createSession(ProtocolHandshake.java:74)
at org.openqa.selenium.remote.HttpCommandExecutor.execute(HttpCommandExecutor.java:136)
at org.openqa.selenium.remote.service.DriverCommandExecutor.execute(DriverCommandExecutor.java:83)
at org.openqa.selenium.remote.RemoteWebDriver.execute(RemoteWebDriver.java:552)
at org.openqa.selenium.remote.RemoteWebDriver.startSession(RemoteWebDriver.java:213)
at org.openqa.selenium.remote.RemoteWebDriver.<init>(RemoteWebDriver.java:131)
at org.openqa.selenium.chrome.ChromeDriver.<init>(ChromeDriver.java:181)
at org.openqa.selenium.chrome.ChromeDriver.<init>(ChromeDriver.java:168)
at org.openqa.selenium.chrome.ChromeDriver.<init>(ChromeDriver.java:123)
at com.elocalshops.reusablecomponents.WebDriverHelper.driverInitializer(WebDriverHelper.java:18)
at com.elocalshops.reusablecomponents.BaseClass.beforeClass(BaseClass.java:42)
at java.base/jdk.internal.reflect.NativeMethodAccessorImpl.invoke0(Native Method)
at java.base/jdk.internal.reflect.NativeMethodAccessorImpl.invoke(NativeMethodAccessorImpl.java:77)
at java.base/jdk.internal.reflect.DelegatingMethodAccessorImpl.invoke(DelegatingMethodAccessorImpl.java:43)
at java.base/java.lang.reflect.Method.invoke(Method.java:568)
at org.testng.internal.MethodInvocationHelper.invokeMethod(MethodInvocationHelper.java:133)
at org.testng.internal.MethodInvocationHelper.invokeMethodConsideringTimeout(MethodInvocationHelper.java:62)
at org.testng.internal.ConfigInvoker.invokeConfigurationMethod(ConfigInvoker.java:385)
at org.testng.internal.ConfigInvoker.invokeConfigurations(ConfigInvoker.java:321)
at org.testng.internal.TestMethodWorker.invokeBeforeClassMethods(TestMethodWorker.java:176)
at org.testng.internal.TestMethodWorker.run(TestMethodWorker.java:122)
at java.base/java.util.ArrayList.forEach(ArrayList.java:1511)
at org.testng.TestRunner.privateRun(TestRunner.java:794)
at org.testng.TestRunner.run(TestRunner.java:596)
at org.testng.SuiteRunner.runTest(SuiteRunner.java:377)
at org.testng.SuiteRunner.runSequentially(SuiteRunner.java:371)
at org.testng.SuiteRunner.privateRun(SuiteRunner.java:332)
at org.testng.SuiteRunner.run(SuiteRunner.java:276)
at org.testng.SuiteRunnerWorker.runSuite(SuiteRunnerWorker.java:53)
at org.testng.SuiteRunnerWorker.run(SuiteRunnerWorker.java:96)
at org.testng.TestNG.runSuitesSequentially(TestNG.java:1212)
at org.testng.TestNG.runSuitesLocally(TestNG.java:1134)
at org.testng.TestNG.runSuites(TestNG.java:1063)
at org.testng.TestNG.run(TestNG.java:1031)
at org.testng.remote.AbstractRemoteTestNG.run(AbstractRemoteTestNG.java:115)
at org.testng.remote.RemoteTestNG.initAndRun(RemoteTestNG.java:251)
at org.testng.remote.RemoteTestNG.main(RemoteTestNG.java:77)
]]>
            </full-stacktrace>
          </exception> <!-- org.openqa.selenium.WebDriverException -->
          <reporter-output>
          </reporter-output>
        </test-method> <!-- searchItemTest -->
        <test-method is-config="true" signature="classTeardown()[pri:0, instance:com.elocalshops.runner.ElocalshopsApp@fba92d3]" started-at="2021-11-03T15:47:52 IST" name="classTeardown" finished-at="1970-01-01T05:30:00 IST" duration-ms="-1635934672683" status="SKIP">
          <reporter-output>
          </reporter-output>
        </test-method> <!-- classTeardown -->
        <test-method is-config="true" signature="suiteTeardown()[pri:0, instance:com.elocalshops.runner.ElocalshopsApp@fba92d3]" started-at="2021-11-03T15:47:52 IST" name="suiteTeardown" finished-at="2021-11-03T15:47:52 IST" duration-ms="215" status="PASS">
          <reporter-output>
          </reporter-output>
        </test-method> <!-- suiteTeardown -->
      </class> <!-- com.elocalshops.runner.ElocalshopsApp -->
    </test> <!-- Default test -->
  </suite> <!-- Default suite -->
</testng-results>
